<?xml version='1.0' encoding='UTF-8'?>
<testsuites>
  <testsuite name="Test Suite" device="BlueWay QA – iPhone 17 Pro Max - iOS 27.0 - 7459A96D-A43F-4FB8-99CC-2BCD221DE77D" tests="1" failures="0" time="55.0">
    <testcase id="B2 native Biology card and handoff control" name="B2 native Biology card and handoff control" classname="B2 native Biology card and handoff control" file="/private/tmp/b2-native-biology-card.yaml" time="55.0" status="SUCCESS">
      <properties>
        <property name="tags" value="teeechr, authenticated-simulator-qa, b2-native"/>
      </properties>
    </testcase>
  </testsuite>
</testsuites>
